<?xml version="1.0" encoding="UTF-8"?>
<testsuite name="kwan.ie.listpostsbyranking.controllers.PostControllerTest" tests="3" skipped="0" failures="0" errors="0" timestamp="2019-12-15T21:03:55" hostname="DESKTOP-62ECL1H" time="0.221">
  <properties/>
  <testcase name="itShouldReturnCreatedPost()" classname="kwan.ie.listpostsbyranking.controllers.PostControllerTest" time="0.194"/>
  <testcase name="itShouldVoteSuccessfully()" classname="kwan.ie.listpostsbyranking.controllers.PostControllerTest" time="0.012"/>
  <testcase name="itShouldReturnPostsSortedByRanking()" classname="kwan.ie.listpostsbyranking.controllers.PostControllerTest" time="0.012"/>
  <system-out><![CDATA[21:03:51.648 [Test worker] DEBUG org.springframework.test.context.BootstrapUtils - Instantiating CacheAwareContextLoaderDelegate from class [org.springframework.test.context.cache.DefaultCacheAwareContextLoaderDelegate]
21:03:51.660 [Test worker] DEBUG org.springframework.test.context.BootstrapUtils - Instantiating BootstrapContext using constructor [public org.springframework.test.context.support.DefaultBootstrapContext(java.lang.Class,org.springframework.test.context.CacheAwareContextLoaderDelegate)]
21:03:51.683 [Test worker] DEBUG org.springframework.test.context.BootstrapUtils - Instantiating TestContextBootstrapper for test class [kwan.ie.listpostsbyranking.controllers.PostControllerTest] from class [org.springframework.boot.test.context.SpringBootTestContextBootstrapper]
21:03:51.696 [Test worker] INFO org.springframework.boot.test.context.SpringBootTestContextBootstrapper - Neither @ContextConfiguration nor @ContextHierarchy found for test class [kwan.ie.listpostsbyranking.controllers.PostControllerTest], using SpringBootContextLoader
21:03:51.699 [Test worker] DEBUG org.springframework.test.context.support.AbstractContextLoader - Did not detect default resource location for test class [kwan.ie.listpostsbyranking.controllers.PostControllerTest]: class path resource [kwan/ie/listpostsbyranking/controllers/PostControllerTest-context.xml] does not exist
21:03:51.700 [Test worker] DEBUG org.springframework.test.context.support.AbstractContextLoader - Did not detect default resource location for test class [kwan.ie.listpostsbyranking.controllers.PostControllerTest]: class path resource [kwan/ie/listpostsbyranking/controllers/PostControllerTestContext.groovy] does not exist
21:03:51.700 [Test worker] INFO org.springframework.test.context.support.AbstractContextLoader - Could not detect default resource locations for test class [kwan.ie.listpostsbyranking.controllers.PostControllerTest]: no resource found for suffixes {-context.xml, Context.groovy}.
21:03:51.700 [Test worker] INFO org.springframework.test.context.support.AnnotationConfigContextLoaderUtils - Could not detect default configuration classes for test class [kwan.ie.listpostsbyranking.controllers.PostControllerTest]: PostControllerTest does not declare any static, non-private, non-final, nested classes annotated with @Configuration.
21:03:51.740 [Test worker] DEBUG org.springframework.test.context.support.ActiveProfilesUtils - Could not find an 'annotation declaring class' for annotation type [org.springframework.test.context.ActiveProfiles] and class [kwan.ie.listpostsbyranking.controllers.PostControllerTest]
21:03:51.787 [Test worker] DEBUG org.springframework.context.annotation.ClassPathScanningCandidateComponentProvider - Identified candidate component class: file [C:\Users\Tiago\Desktop\Dev\Projects\Challenges\InvoiceExpress\ListPostsByRanking\build\classes\java\main\kwan\ie\listpostsbyranking\ListPostsByRankingApplication.class]
21:03:51.787 [Test worker] INFO org.springframework.boot.test.context.SpringBootTestContextBootstrapper - Found @SpringBootConfiguration kwan.ie.listpostsbyranking.ListPostsByRankingApplication for test class kwan.ie.listpostsbyranking.controllers.PostControllerTest
21:03:51.866 [Test worker] DEBUG org.springframework.boot.test.context.SpringBootTestContextBootstrapper - @TestExecutionListeners is not present for class [kwan.ie.listpostsbyranking.controllers.PostControllerTest]: using defaults.
21:03:51.868 [Test worker] INFO org.springframework.boot.test.context.SpringBootTestContextBootstrapper - Loaded default TestExecutionListener class names from location [META-INF/spring.factories]: [org.springframework.boot.test.autoconfigure.restdocs.RestDocsTestExecutionListener, org.springframework.boot.test.autoconfigure.web.client.MockRestServiceServerResetTestExecutionListener, org.springframework.boot.test.autoconfigure.web.servlet.MockMvcPrintOnlyOnFailureTestExecutionListener, org.springframework.boot.test.autoconfigure.web.servlet.WebDriverTestExecutionListener, org.springframework.boot.test.mock.mockito.MockitoTestExecutionListener, org.springframework.boot.test.mock.mockito.ResetMocksTestExecutionListener, org.springframework.test.context.web.ServletTestExecutionListener, org.springframework.test.context.support.DirtiesContextBeforeModesTestExecutionListener, org.springframework.test.context.support.DependencyInjectionTestExecutionListener, org.springframework.test.context.support.DirtiesContextTestExecutionListener, org.springframework.test.context.transaction.TransactionalTestExecutionListener, org.springframework.test.context.jdbc.SqlScriptsTestExecutionListener, org.springframework.test.context.event.EventPublishingTestExecutionListener]
21:03:51.880 [Test worker] INFO org.springframework.boot.test.context.SpringBootTestContextBootstrapper - Using TestExecutionListeners: [org.springframework.test.context.web.ServletTestExecutionListener@169fe72e, org.springframework.test.context.support.DirtiesContextBeforeModesTestExecutionListener@228152fb, org.springframework.boot.test.mock.mockito.MockitoTestExecutionListener@2df69f0, org.springframework.boot.test.autoconfigure.SpringBootDependencyInjectionTestExecutionListener@1944267d, org.springframework.test.context.support.DirtiesContextTestExecutionListener@708b14ec, org.springframework.test.context.transaction.TransactionalTestExecutionListener@58b5868c, org.springframework.test.context.jdbc.SqlScriptsTestExecutionListener@21dcf483, org.springframework.test.context.event.EventPublishingTestExecutionListener@1993590b, org.springframework.boot.test.autoconfigure.restdocs.RestDocsTestExecutionListener@319712a1, org.springframework.boot.test.autoconfigure.web.client.MockRestServiceServerResetTestExecutionListener@45e263f9, org.springframework.boot.test.autoconfigure.web.servlet.MockMvcPrintOnlyOnFailureTestExecutionListener@3dcff2a, org.springframework.boot.test.autoconfigure.web.servlet.WebDriverTestExecutionListener@84a55b, org.springframework.boot.test.mock.mockito.ResetMocksTestExecutionListener@98fbdf0]
21:03:51.882 [Test worker] DEBUG org.springframework.test.context.support.AbstractDirtiesContextTestExecutionListener - Before test class: context [DefaultTestContext@333db51b testClass = PostControllerTest, testInstance = [null], testMethod = [null], testException = [null], mergedContextConfiguration = [WebMergedContextConfiguration@54f10123 testClass = PostControllerTest, locations = '{}', classes = '{class kwan.ie.listpostsbyranking.ListPostsByRankingApplication}', contextInitializerClasses = '[]', activeProfiles = '{}', propertySourceLocations = '{}', propertySourceProperties = '{org.springframework.boot.test.context.SpringBootTestContextBootstrapper=true}', contextCustomizers = set[org.springframework.boot.test.autoconfigure.properties.PropertyMappingContextCustomizer@4b3fa0b3, org.springframework.boot.test.autoconfigure.web.servlet.WebDriverContextCustomizerFactory$Customizer@5c913f27, [ImportsContextCustomizer@6920e29c key = [org.springframework.boot.test.autoconfigure.web.servlet.MockMvcAutoConfiguration, org.springframework.boot.test.autoconfigure.web.servlet.MockMvcWebClientAutoConfiguration, org.springframework.boot.test.autoconfigure.web.servlet.MockMvcWebDriverAutoConfiguration, org.springframework.boot.autoconfigure.security.servlet.SecurityAutoConfiguration, org.springframework.boot.autoconfigure.security.servlet.UserDetailsServiceAutoConfiguration, org.springframework.boot.test.autoconfigure.web.servlet.MockMvcSecurityConfiguration]], org.springframework.boot.test.context.filter.ExcludeFilterContextCustomizer@6324ac07, org.springframework.boot.test.json.DuplicateJsonObjectContextCustomizerFactory$DuplicateJsonObjectContextCustomizer@35999638, org.springframework.boot.test.mock.mockito.MockitoContextCustomizer@c3a5163a, org.springframework.boot.test.web.client.TestRestTemplateContextCustomizer@39b438d5], resourceBasePath = 'src/main/webapp', contextLoader = 'org.springframework.boot.test.context.SpringBootContextLoader', parent = [null]], attributes = map['org.springframework.test.context.web.ServletTestExecutionListener.activateListener' -> true]], class annotated with @DirtiesContext [false] with mode [null].
21:03:51.997 [Test worker] DEBUG org.springframework.test.context.support.TestPropertySourceUtils - Adding inlined properties to environment: {spring.jmx.enabled=false, org.springframework.boot.test.context.SpringBootTestContextBootstrapper=true, server.port=-1}

  .   ____          _            __ _ _
 /\\ / ___'_ __ _ _(_)_ __  __ _ \ \ \ \
( ( )\___ | '_ | '_| | '_ \/ _` | \ \ \ \
 \\/  ___)| |_)| | | | | || (_| |  ) ) ) )
  '  |____| .__|_| |_|_| |_\__, | / / / /
 =========|_|==============|___/=/_/_/_/
 :: Spring Boot ::  (v2.2.3.BUILD-SNAPSHOT)

2019-12-15 21:03:52.198  INFO 8864 --- [    Test worker] k.i.l.controllers.PostControllerTest     : Starting PostControllerTest on DESKTOP-62ECL1H with PID 8864 (started by Tiago in C:\Users\Tiago\Desktop\Dev\Projects\Challenges\InvoiceExpress\ListPostsByRanking)
2019-12-15 21:03:52.201  INFO 8864 --- [    Test worker] k.i.l.controllers.PostControllerTest     : No active profile set, falling back to default profiles: default
2019-12-15 21:03:52.553  INFO 8864 --- [    Test worker] .s.d.r.c.RepositoryConfigurationDelegate : Bootstrapping Spring Data JPA repositories in DEFAULT mode.
2019-12-15 21:03:52.597  INFO 8864 --- [    Test worker] .s.d.r.c.RepositoryConfigurationDelegate : Finished Spring Data repository scanning in 36ms. Found 3 JPA repository interfaces.
2019-12-15 21:03:53.281  INFO 8864 --- [    Test worker] trationDelegate$BeanPostProcessorChecker : Bean 'org.springframework.transaction.annotation.ProxyTransactionManagementConfiguration' of type [org.springframework.transaction.annotation.ProxyTransactionManagementConfiguration] is not eligible for getting processed by all BeanPostProcessors (for example: not eligible for auto-proxying)
2019-12-15 21:03:53.469  INFO 8864 --- [    Test worker] o.hibernate.jpa.internal.util.LogHelper  : HHH000204: Processing PersistenceUnitInfo [name: default]
2019-12-15 21:03:53.536  INFO 8864 --- [    Test worker] org.hibernate.Version                    : HHH000412: Hibernate Core {5.4.9.Final}
2019-12-15 21:03:53.571  INFO 8864 --- [    Test worker] o.hibernate.annotations.common.Version   : HCANN000001: Hibernate Commons Annotations {5.1.0.Final}
2019-12-15 21:03:53.661  INFO 8864 --- [    Test worker] com.zaxxer.hikari.HikariDataSource       : HikariPool-1 - Starting...
2019-12-15 21:03:53.742  INFO 8864 --- [    Test worker] com.zaxxer.hikari.HikariDataSource       : HikariPool-1 - Start completed.
2019-12-15 21:03:53.757  INFO 8864 --- [    Test worker] org.hibernate.dialect.Dialect            : HHH000400: Using dialect: org.hibernate.dialect.PostgreSQLDialect
2019-12-15 21:03:54.042  WARN 8864 --- [    Test worker] org.hibernate.mapping.RootClass          : HHH000038: Composite-id class does not override equals(): kwan.ie.listpostsbyranking.dal.model.VoteEntity$VoteKey
2019-12-15 21:03:54.043  WARN 8864 --- [    Test worker] org.hibernate.mapping.RootClass          : HHH000039: Composite-id class does not override hashCode(): kwan.ie.listpostsbyranking.dal.model.VoteEntity$VoteKey
2019-12-15 21:03:54.440  INFO 8864 --- [    Test worker] o.h.e.t.j.p.i.JtaPlatformInitiator       : HHH000490: Using JtaPlatform implementation: [org.hibernate.engine.transaction.jta.platform.internal.NoJtaPlatform]
2019-12-15 21:03:54.446  INFO 8864 --- [    Test worker] j.LocalContainerEntityManagerFactoryBean : Initialized JPA EntityManagerFactory for persistence unit 'default'
2019-12-15 21:03:54.908  WARN 8864 --- [    Test worker] JpaBaseConfiguration$JpaWebConfiguration : spring.jpa.open-in-view is enabled by default. Therefore, database queries may be performed during view rendering. Explicitly configure spring.jpa.open-in-view to disable this warning
2019-12-15 21:03:55.115  INFO 8864 --- [    Test worker] o.s.s.concurrent.ThreadPoolTaskExecutor  : Initializing ExecutorService 'applicationTaskExecutor'
2019-12-15 21:03:55.425  INFO 8864 --- [    Test worker] o.s.b.t.m.w.SpringBootMockServletContext : Initializing Spring TestDispatcherServlet ''
2019-12-15 21:03:55.425  INFO 8864 --- [    Test worker] o.s.t.web.servlet.TestDispatcherServlet  : Initializing Servlet ''
2019-12-15 21:03:55.437  INFO 8864 --- [    Test worker] o.s.t.web.servlet.TestDispatcherServlet  : Completed initialization in 12 ms
2019-12-15 21:03:55.456  INFO 8864 --- [    Test worker] k.i.l.controllers.PostControllerTest     : Started PostControllerTest in 3.453 seconds (JVM running for 4.5)
]]></system-out>
  <system-err><![CDATA[]]></system-err>
</testsuite>
