<?xml version="1.0" encoding="UTF-8"?>
<testsuite name="kwan.ie.listpostsbyranking.util.OrderByRankingTest" tests="1" skipped="0" failures="0" errors="0" timestamp="2019-12-15T21:03:57" hostname="DESKTOP-62ECL1H" time="0.004">
  <properties/>
  <testcase name="testPostsRanking()" classname="kwan.ie.listpostsbyranking.util.OrderByRankingTest" time="0.004"/>
  <system-out><![CDATA[]]></system-out>
  <system-err><![CDATA[]]></system-err>
</testsuite>
