<?xml version="1.0" encoding="UTF-8"?>
<testsuite name="kwan.ie.listpostsbyranking.repos.PostRepoTest" tests="1" skipped="0" failures="0" errors="0" timestamp="2019-12-15T21:03:57" hostname="DESKTOP-62ECL1H" time="0.218">
  <properties/>
  <testcase name="testFindAll()" classname="kwan.ie.listpostsbyranking.repos.PostRepoTest" time="0.218"/>
  <system-out><![CDATA[2019-12-15 21:03:56.750  INFO 8864 --- [    Test worker] b.t.a.o.j.DataJpaTestContextBootstrapper : Neither @ContextConfiguration nor @ContextHierarchy found for test class [kwan.ie.listpostsbyranking.repos.PostRepoTest], using SpringBootContextLoader
2019-12-15 21:03:56.751  INFO 8864 --- [    Test worker] o.s.t.c.support.AbstractContextLoader    : Could not detect default resource locations for test class [kwan.ie.listpostsbyranking.repos.PostRepoTest]: no resource found for suffixes {-context.xml, Context.groovy}.
2019-12-15 21:03:56.751  INFO 8864 --- [    Test worker] t.c.s.AnnotationConfigContextLoaderUtils : Could not detect default configuration classes for test class [kwan.ie.listpostsbyranking.repos.PostRepoTest]: PostRepoTest does not declare any static, non-private, non-final, nested classes annotated with @Configuration.
2019-12-15 21:03:56.757  INFO 8864 --- [    Test worker] .b.t.c.SpringBootTestContextBootstrapper : Found @SpringBootConfiguration kwan.ie.listpostsbyranking.ListPostsByRankingApplication for test class kwan.ie.listpostsbyranking.repos.PostRepoTest
2019-12-15 21:03:56.757  INFO 8864 --- [    Test worker] b.t.a.o.j.DataJpaTestContextBootstrapper : Loaded default TestExecutionListener class names from location [META-INF/spring.factories]: [org.springframework.boot.test.autoconfigure.restdocs.RestDocsTestExecutionListener, org.springframework.boot.test.autoconfigure.web.client.MockRestServiceServerResetTestExecutionListener, org.springframework.boot.test.autoconfigure.web.servlet.MockMvcPrintOnlyOnFailureTestExecutionListener, org.springframework.boot.test.autoconfigure.web.servlet.WebDriverTestExecutionListener, org.springframework.boot.test.mock.mockito.MockitoTestExecutionListener, org.springframework.boot.test.mock.mockito.ResetMocksTestExecutionListener, org.springframework.test.context.web.ServletTestExecutionListener, org.springframework.test.context.support.DirtiesContextBeforeModesTestExecutionListener, org.springframework.test.context.support.DependencyInjectionTestExecutionListener, org.springframework.test.context.support.DirtiesContextTestExecutionListener, org.springframework.test.context.transaction.TransactionalTestExecutionListener, org.springframework.test.context.jdbc.SqlScriptsTestExecutionListener, org.springframework.test.context.event.EventPublishingTestExecutionListener]
2019-12-15 21:03:56.757  INFO 8864 --- [    Test worker] b.t.a.o.j.DataJpaTestContextBootstrapper : Using TestExecutionListeners: [org.springframework.test.context.web.ServletTestExecutionListener@444bdf15, org.springframework.test.context.support.DirtiesContextBeforeModesTestExecutionListener@33a68581, org.springframework.boot.test.mock.mockito.MockitoTestExecutionListener@4345f037, org.springframework.boot.test.autoconfigure.SpringBootDependencyInjectionTestExecutionListener@7236d2e, org.springframework.test.context.support.DirtiesContextTestExecutionListener@1d0aa9a8, org.springframework.test.context.transaction.TransactionalTestExecutionListener@1a87bd05, org.springframework.test.context.jdbc.SqlScriptsTestExecutionListener@76af222a, org.springframework.test.context.event.EventPublishingTestExecutionListener@6af97bcc, org.springframework.boot.test.autoconfigure.restdocs.RestDocsTestExecutionListener@2276d8d2, org.springframework.boot.test.autoconfigure.web.client.MockRestServiceServerResetTestExecutionListener@5be360c, org.springframework.boot.test.autoconfigure.web.servlet.MockMvcPrintOnlyOnFailureTestExecutionListener@a0ffae3, org.springframework.boot.test.autoconfigure.web.servlet.WebDriverTestExecutionListener@2b89c775, org.springframework.boot.test.mock.mockito.ResetMocksTestExecutionListener@3f2d2a9e]

  .   ____          _            __ _ _
 /\\ / ___'_ __ _ _(_)_ __  __ _ \ \ \ \
( ( )\___ | '_ | '_| | '_ \/ _` | \ \ \ \
 \\/  ___)| |_)| | | | | || (_| |  ) ) ) )
  '  |____| .__|_| |_|_| |_\__, | / / / /
 =========|_|==============|___/=/_/_/_/
 :: Spring Boot ::  (v2.2.3.BUILD-SNAPSHOT)

2019-12-15 21:03:56.785  INFO 8864 --- [    Test worker] k.i.l.repos.PostRepoTest                 : Starting PostRepoTest on DESKTOP-62ECL1H with PID 8864 (started by Tiago in C:\Users\Tiago\Desktop\Dev\Projects\Challenges\InvoiceExpress\ListPostsByRanking)
2019-12-15 21:03:56.786  INFO 8864 --- [    Test worker] k.i.l.repos.PostRepoTest                 : No active profile set, falling back to default profiles: default
2019-12-15 21:03:56.837  INFO 8864 --- [    Test worker] .s.d.r.c.RepositoryConfigurationDelegate : Bootstrapping Spring Data JPA repositories in DEFAULT mode.
2019-12-15 21:03:56.843  INFO 8864 --- [    Test worker] .s.d.r.c.RepositoryConfigurationDelegate : Finished Spring Data repository scanning in 5ms. Found 3 JPA repository interfaces.
2019-12-15 21:03:56.854  INFO 8864 --- [    Test worker] beddedDataSourceBeanFactoryPostProcessor : Replacing 'dataSource' DataSource bean with embedded version
2019-12-15 21:03:56.875  INFO 8864 --- [    Test worker] o.s.j.d.e.EmbeddedDatabaseFactory        : Starting embedded database: url='jdbc:h2:mem:08ade416-88cc-4546-ba5f-6cac1bc97a51;DB_CLOSE_DELAY=-1;DB_CLOSE_ON_EXIT=false', username='sa'
2019-12-15 21:03:57.086  INFO 8864 --- [    Test worker] o.hibernate.jpa.internal.util.LogHelper  : HHH000204: Processing PersistenceUnitInfo [name: default]
2019-12-15 21:03:57.097  INFO 8864 --- [    Test worker] org.hibernate.dialect.Dialect            : HHH000400: Using dialect: org.hibernate.dialect.PostgreSQLDialect
2019-12-15 21:03:57.140  WARN 8864 --- [    Test worker] org.hibernate.mapping.RootClass          : HHH000038: Composite-id class does not override equals(): kwan.ie.listpostsbyranking.dal.model.VoteEntity$VoteKey
2019-12-15 21:03:57.140  WARN 8864 --- [    Test worker] org.hibernate.mapping.RootClass          : HHH000039: Composite-id class does not override hashCode(): kwan.ie.listpostsbyranking.dal.model.VoteEntity$VoteKey
Hibernate: create table Post (id  bigserial not null, description varchar(255), timestamp timestamp, title varchar(255), post_user int8 not null, primary key (id))
Hibernate: create table User_ (id  bigserial not null, password varchar(255), username varchar(255), primary key (id))
Hibernate: create table Vote (vote boolean not null, vote_user int8 not null, post int8 not null, primary key (post, vote_user))
Hibernate: alter table Post add constraint FKh1syteefq14vt674j864b5y0m foreign key (post_user) references User_
Hibernate: alter table Vote add constraint FK1egq65r1l7r7tnoqc0t4w8snf foreign key (vote_user) references User_
Hibernate: alter table Vote add constraint FKtrjvd8rrshw9674d6csyulgy9 foreign key (post) references Post
2019-12-15 21:03:57.216  INFO 8864 --- [    Test worker] o.h.e.t.j.p.i.JtaPlatformInitiator       : HHH000490: Using JtaPlatform implementation: [org.hibernate.engine.transaction.jta.platform.internal.NoJtaPlatform]
2019-12-15 21:03:57.216  INFO 8864 --- [    Test worker] j.LocalContainerEntityManagerFactoryBean : Initialized JPA EntityManagerFactory for persistence unit 'default'
2019-12-15 21:03:57.325  INFO 8864 --- [    Test worker] k.i.l.repos.PostRepoTest                 : Started PostRepoTest in 0.565 seconds (JVM running for 6.368)
2019-12-15 21:03:57.337  INFO 8864 --- [    Test worker] o.s.t.c.transaction.TransactionContext   : Began transaction (1) for test context [DefaultTestContext@371cda72 testClass = PostRepoTest, testInstance = kwan.ie.listpostsbyranking.repos.PostRepoTest@2bd0d817, testMethod = testFindAll@PostRepoTest, testException = [null], mergedContextConfiguration = [MergedContextConfiguration@19cede28 testClass = PostRepoTest, locations = '{}', classes = '{class kwan.ie.listpostsbyranking.ListPostsByRankingApplication}', contextInitializerClasses = '[]', activeProfiles = '{}', propertySourceLocations = '{}', propertySourceProperties = '{org.springframework.boot.test.autoconfigure.orm.jpa.DataJpaTestContextBootstrapper=true}', contextCustomizers = set[org.springframework.boot.test.autoconfigure.OverrideAutoConfigurationContextCustomizerFactory$DisableAutoConfigurationContextCustomizer@5ac7ff49, org.springframework.boot.test.autoconfigure.filter.TypeExcludeFiltersContextCustomizer@351584c0, org.springframework.boot.test.autoconfigure.properties.PropertyMappingContextCustomizer@ea4995b3, org.springframework.boot.test.autoconfigure.web.servlet.WebDriverContextCustomizerFactory$Customizer@5c913f27, [ImportsContextCustomizer@41387f02 key = [org.springframework.boot.autoconfigure.cache.CacheAutoConfiguration, org.springframework.boot.autoconfigure.data.jpa.JpaRepositoriesAutoConfiguration, org.springframework.boot.autoconfigure.flyway.FlywayAutoConfiguration, org.springframework.boot.autoconfigure.jdbc.DataSourceAutoConfiguration, org.springframework.boot.autoconfigure.jdbc.DataSourceTransactionManagerAutoConfiguration, org.springframework.boot.autoconfigure.jdbc.JdbcTemplateAutoConfiguration, org.springframework.boot.autoconfigure.liquibase.LiquibaseAutoConfiguration, org.springframework.boot.autoconfigure.orm.jpa.HibernateJpaAutoConfiguration, org.springframework.boot.autoconfigure.transaction.TransactionAutoConfiguration, org.springframework.boot.test.autoconfigure.jdbc.TestDatabaseAutoConfiguration, org.springframework.boot.test.autoconfigure.orm.jpa.TestEntityManagerAutoConfiguration]], org.springframework.boot.test.context.filter.ExcludeFilterContextCustomizer@6324ac07, org.springframework.boot.test.json.DuplicateJsonObjectContextCustomizerFactory$DuplicateJsonObjectContextCustomizer@35999638, org.springframework.boot.test.mock.mockito.MockitoContextCustomizer@0], contextLoader = 'org.springframework.boot.test.context.SpringBootContextLoader', parent = [null]], attributes = map[[empty]]]; transaction manager [org.springframework.orm.jpa.JpaTransactionManager@2878ef84]; rollback [true]
Hibernate: select postentity0_.id as id1_0_, postentity0_.description as descript2_0_, postentity0_.timestamp as timestam3_0_, postentity0_.title as title4_0_, postentity0_.post_user as post_use5_0_ from Post postentity0_
2019-12-15 21:03:57.544  INFO 8864 --- [    Test worker] o.s.t.c.transaction.TransactionContext   : Rolled back transaction for test: [DefaultTestContext@371cda72 testClass = PostRepoTest, testInstance = kwan.ie.listpostsbyranking.repos.PostRepoTest@2bd0d817, testMethod = testFindAll@PostRepoTest, testException = [null], mergedContextConfiguration = [MergedContextConfiguration@19cede28 testClass = PostRepoTest, locations = '{}', classes = '{class kwan.ie.listpostsbyranking.ListPostsByRankingApplication}', contextInitializerClasses = '[]', activeProfiles = '{}', propertySourceLocations = '{}', propertySourceProperties = '{org.springframework.boot.test.autoconfigure.orm.jpa.DataJpaTestContextBootstrapper=true}', contextCustomizers = set[org.springframework.boot.test.autoconfigure.OverrideAutoConfigurationContextCustomizerFactory$DisableAutoConfigurationContextCustomizer@5ac7ff49, org.springframework.boot.test.autoconfigure.filter.TypeExcludeFiltersContextCustomizer@351584c0, org.springframework.boot.test.autoconfigure.properties.PropertyMappingContextCustomizer@ea4995b3, org.springframework.boot.test.autoconfigure.web.servlet.WebDriverContextCustomizerFactory$Customizer@5c913f27, [ImportsContextCustomizer@41387f02 key = [org.springframework.boot.autoconfigure.cache.CacheAutoConfiguration, org.springframework.boot.autoconfigure.data.jpa.JpaRepositoriesAutoConfiguration, org.springframework.boot.autoconfigure.flyway.FlywayAutoConfiguration, org.springframework.boot.autoconfigure.jdbc.DataSourceAutoConfiguration, org.springframework.boot.autoconfigure.jdbc.DataSourceTransactionManagerAutoConfiguration, org.springframework.boot.autoconfigure.jdbc.JdbcTemplateAutoConfiguration, org.springframework.boot.autoconfigure.liquibase.LiquibaseAutoConfiguration, org.springframework.boot.autoconfigure.orm.jpa.HibernateJpaAutoConfiguration, org.springframework.boot.autoconfigure.transaction.TransactionAutoConfiguration, org.springframework.boot.test.autoconfigure.jdbc.TestDatabaseAutoConfiguration, org.springframework.boot.test.autoconfigure.orm.jpa.TestEntityManagerAutoConfiguration]], org.springframework.boot.test.context.filter.ExcludeFilterContextCustomizer@6324ac07, org.springframework.boot.test.json.DuplicateJsonObjectContextCustomizerFactory$DuplicateJsonObjectContextCustomizer@35999638, org.springframework.boot.test.mock.mockito.MockitoContextCustomizer@0], contextLoader = 'org.springframework.boot.test.context.SpringBootContextLoader', parent = [null]], attributes = map[[empty]]]
]]></system-out>
  <system-err><![CDATA[]]></system-err>
</testsuite>
